<?xml version="1.0" encoding="UTF-8"?>
<!DOCTYPE properties SYSTEM "http://java.sun.com/dtd/properties.dtd">
<properties version="1.0">
  <entry key="iut">src/test/resources/CDB</entry>
  <entry key="ics">1,2</entry>
</properties>
